2026-06-30 21:03:24,351--INFO-Ingestingdatain db
2026-06-30 21:05:37,295--INFO-Ingestingdatain db
2026-06-30 21:09:20,976--INFO-Ingestingdatain db
2026-06-30 21:11:35,314--INFO-Ingestingdatain db
2026-06-30 21:37:15,478--INFO-Ingestingbegin_inventory.csvin db
2026-06-30 21:37:32,616--INFO-Ingestingbegin_inventory.csvin db
2026-06-30 21:39:53,292--INFO-Ingestingbegin_inventory.csvin db
2026-06-30 21:40:21,558--INFO-Ingestingbegin_inventory.csvin db
2026-07-01 12:30:48,606 INFO Processing begin_inventory.csv
2026-07-01 12:30:54,167 INFO begin_inventory loaded successfully.
2026-07-01 12:30:54,167 INFO Processing end_inventory.csv
2026-07-01 12:30:58,882 INFO end_inventory loaded successfully.
2026-07-01 12:30:58,882 INFO Processing purchases.csv
2026-07-01 12:32:11,373 INFO purchases loaded successfully.
2026-07-01 12:32:11,373 INFO Processing purchase_prices.csv
2026-07-01 12:32:11,743 INFO purchase_prices loaded successfully.
2026-07-01 12:32:11,743 INFO Processing sales.csv
2026-07-01 12:37:38,273 INFO sales loaded successfully.
2026-07-01 12:37:38,273 INFO Processing vendor_invoice.csv
2026-07-01 12:37:38,551 INFO vendor_invoice loaded successfully.
2026-07-01 12:37:38,551 INFO Completed in 6.83 minutes
